<?xml version="1.0" encoding="UTF-8"?>
<!-- Generated by org.testng.reporters.JUnitReportReporter -->
<testsuite skipped="0" hostname="USHBKCL8GQG2G2" name="com.inetbanking.testCases.TC_LoginDDT_003" tests="2" failures="0" timestamp="9 Apr 2021 17:32:19 GMT" time="29.457" errors="0">
  <testcase name="test1" time="15.190" classname="com.inetbanking.testCases.TC_LoginDDT_003"/>
  <testcase name="test2" time="14.267" classname="com.inetbanking.testCases.TC_LoginDDT_003"/>
</testsuite> <!-- com.inetbanking.testCases.TC_LoginDDT_003 -->
