<?xml version="1.0" encoding="UTF-8"?>
<!-- Generated by org.testng.reporters.JUnitReportReporter -->
<testsuite skipped="0" hostname="USHBKCL8GQG2G2" name="com.inetbanking.testCases.TC_AddCustomerTest_003" tests="1" failures="0" timestamp="2 Apr 2021 02:02:19 GMT" time="12.982" errors="0">
  <testcase name="addNewCustomer" time="12.982" classname="com.inetbanking.testCases.TC_AddCustomerTest_003"/>
</testsuite> <!-- com.inetbanking.testCases.TC_AddCustomerTest_003 -->
