<?xml version="1.0" encoding="UTF-8"?>
<!-- Generated by org.testng.reporters.JUnitReportReporter -->
<testsuite skipped="0" hostname="USHBKCL8GQG2G2" name="com.inetbanking.testCases.TC_LoginDDT_003" tests="2" failures="0" timestamp="2021-04-12T16:12:23 EDT" time="30.310" errors="0">
  <testcase name="test1" time="15.224" classname="com.inetbanking.testCases.TC_LoginDDT_003"/>
  <system-out/>
  <testcase name="test2" time="15.086" classname="com.inetbanking.testCases.TC_LoginDDT_003"/>
  <system-out/>
</testsuite> <!-- com.inetbanking.testCases.TC_LoginDDT_003 -->
